29/03/2023 15:44:39 - INFO - activitysim - Read logging configuration from: configs\logging.yaml
29/03/2023 15:44:39 - INFO - activitysim.cli.run - SETTING configs_dir: configs
29/03/2023 15:44:39 - INFO - activitysim.cli.run - SETTING settings_file_name: settings.yaml
29/03/2023 15:44:39 - INFO - activitysim.cli.run - SETTING data_dir: data
29/03/2023 15:44:39 - INFO - activitysim.cli.run - SETTING output_dir: output
29/03/2023 15:44:39 - INFO - activitysim.cli.run - SETTING multiprocess: None
29/03/2023 15:44:39 - INFO - activitysim.cli.run - SETTING num_processes: None
29/03/2023 15:44:39 - INFO - activitysim.cli.run - SETTING resume_after: None
29/03/2023 15:44:39 - INFO - activitysim.cli.run - SETTING GROUP_BY_INCIDENCE_SIGNATURE: True
29/03/2023 15:44:39 - INFO - activitysim.cli.run - SETTING INTEGERIZE_WITH_BACKSTOPPED_CONTROLS: True
29/03/2023 15:44:39 - INFO - activitysim.cli.run - SETTING SUB_BALANCE_WITH_FLOAT_SEED_WEIGHTS: False
29/03/2023 15:44:39 - INFO - activitysim.cli.run - SETTING meta_control_data: None
29/03/2023 15:44:39 - INFO - activitysim.cli.run - SETTING control_file_name: controls.csv
29/03/2023 15:44:39 - INFO - activitysim.cli.run - SETTING USE_CVXPY: False
29/03/2023 15:44:39 - INFO - activitysim.cli.run - SETTING USE_SIMUL_INTEGERIZER: True
29/03/2023 15:44:39 - INFO - activitysim.cli.run - ENV MKL_NUM_THREADS: None
29/03/2023 15:44:39 - INFO - activitysim.cli.run - ENV OMP_NUM_THREADS: None
29/03/2023 15:44:39 - INFO - activitysim.cli.run - ENV OPENBLAS_NUM_THREADS: None
29/03/2023 15:44:39 - INFO - activitysim.cli.run - run single process simulation
29/03/2023 15:44:39 - DEBUG - activitysim.core.random - Set random seed base to 0
29/03/2023 15:44:39 - DEBUG - activitysim.core.pipeline - open_pipeline - new, empty pipeline
29/03/2023 15:44:39 - DEBUG - activitysim.core.pipeline - opened pipeline_store output\pipeline.h5
29/03/2023 15:44:39 - DEBUG - activitysim.core.pipeline - add_checkpoint init timestamp 2023-03-29 15:44:39.027888
29/03/2023 15:44:39 - DEBUG - activitysim.core.pipeline - open_pipeline complete
29/03/2023 15:44:39 - INFO - activitysim.core.tracing - Time to execute open_pipeline : 0.011 seconds (0.0 minutes)
29/03/2023 15:44:39 - INFO - activitysim.core.tracing - Time to execute preload_injectables : 0.01 seconds (0.0 minutes)
29/03/2023 15:44:39 - INFO - activitysim.core.pipeline - #run_model running step input_pre_processor
29/03/2023 15:44:39 - INFO - populationsim.steps.input_pre_processor - Using table list: [{'tablename': 'households', 'filename': 'hh_seed.csv', 'index_col': 'hh_id', 'rename_columns': {'hh_num': 'hh_id'}}, {'tablename': 'persons', 'filename': 'pp_seed.csv', 'rename_columns': {'hh_num': 'hh_id'}}, {'tablename': 'geo_cross_walk', 'filename': 'geo_cross_walk.csv'}, {'tablename': 'LGA_control_data', 'filename': 'LGA_controls.csv'}, {'tablename': 'State_control_data', 'filename': 'state_controls.csv'}]
29/03/2023 15:44:39 - INFO - activitysim.core.input - Reading CSV file data\hh_seed.csv
29/03/2023 15:44:39 - DEBUG - activitysim.core.input - raw households table size: (22371, 6) 1.1 MB
29/03/2023 15:44:39 - DEBUG - activitysim.core.input - renaming columns: {'hh_num': 'hh_id'}
29/03/2023 15:44:39 - DEBUG - activitysim.core.input - households table columns: ['hhid' 'LGA' 'totalvehs' 'hhsize' 'wdhhwgt_LGA']
29/03/2023 15:44:39 - DEBUG - activitysim.core.input - households table size: (22371, 5) 1.1 MB
29/03/2023 15:44:39 - DEBUG - activitysim.core.input - households index name: hh_id
29/03/2023 15:44:39 - INFO - populationsim.steps.input_pre_processor - registering table households
29/03/2023 15:44:39 - INFO - activitysim.core.input - Reading CSV file data\pp_seed.csv
29/03/2023 15:44:39 - DEBUG - activitysim.core.input - raw persons table size: (57470, 6) 2.8 MB
29/03/2023 15:44:39 - DEBUG - activitysim.core.input - renaming columns: {'hh_num': 'hh_id'}
29/03/2023 15:44:39 - DEBUG - activitysim.core.input - persons table columns: ['hhid' 'persid' 'sex' 'persinc' 'hh_id' 'LGA']
29/03/2023 15:44:39 - DEBUG - activitysim.core.input - persons table size: (57470, 6) 2.8 MB
29/03/2023 15:44:39 - DEBUG - activitysim.core.input - persons index name: None
29/03/2023 15:44:39 - INFO - populationsim.steps.input_pre_processor - registering table persons
29/03/2023 15:44:39 - INFO - activitysim.core.input - Reading CSV file data\geo_cross_walk.csv
29/03/2023 15:44:39 - DEBUG - activitysim.core.input - raw geo_cross_walk table size: (32, 3) 896 B
29/03/2023 15:44:39 - DEBUG - activitysim.core.input - geo_cross_walk table columns: ['LGA' 'State' 'Area']
29/03/2023 15:44:39 - DEBUG - activitysim.core.input - geo_cross_walk table size: (32, 3) 896 B
29/03/2023 15:44:39 - DEBUG - activitysim.core.input - geo_cross_walk index name: None
29/03/2023 15:44:39 - INFO - populationsim.steps.input_pre_processor - registering table geo_cross_walk
29/03/2023 15:44:39 - INFO - activitysim.core.input - Reading CSV file data\LGA_controls.csv
29/03/2023 15:44:39 - DEBUG - activitysim.core.input - raw LGA_control_data table size: (32, 13) 3.5 KB
29/03/2023 15:44:39 - DEBUG - activitysim.core.input - LGA_control_data table columns: ['LGA_CODE_2021' 'LGA' 'Tot_P_P' 'Tot_P_M' 'Tot_P_F'
 'Num_MVs_per_dweling_0_MVs' 'Num_MVs_per_dweling_1_MVs'
 'Num_MVs_per_dweling_2_MVs' 'Num_MVs_per_dweling_3_MVs'
 'Num_MVs_per_dweling_4mo_MVs' 'Num_MVs_per_dweling_Tot' 'Num_MVs_NS'
 'Total_dwelings']
29/03/2023 15:44:39 - DEBUG - activitysim.core.input - LGA_control_data table size: (32, 13) 3.5 KB
29/03/2023 15:44:39 - DEBUG - activitysim.core.input - LGA_control_data index name: None
29/03/2023 15:44:39 - INFO - populationsim.steps.input_pre_processor - registering table LGA_control_data
29/03/2023 15:44:39 - INFO - activitysim.core.input - Reading CSV file data\state_controls.csv
29/03/2023 15:44:39 - DEBUG - activitysim.core.input - raw State_control_data table size: (1, 12) 224 B
29/03/2023 15:44:39 - DEBUG - activitysim.core.input - State_control_data table columns: ['Tot_P_P' 'Tot_P_M' 'Tot_P_F' 'Num_MVs_per_dweling_0_MVs'
 'Num_MVs_per_dweling_1_MVs' 'Num_MVs_per_dweling_2_MVs'
 'Num_MVs_per_dweling_3_MVs' 'Num_MVs_per_dweling_4mo_MVs'
 'Num_MVs_per_dweling_Tot' 'Num_MVs_NS' 'Total_dwelings' 'State']
29/03/2023 15:44:39 - DEBUG - activitysim.core.input - State_control_data table size: (1, 12) 224 B
29/03/2023 15:44:39 - DEBUG - activitysim.core.input - State_control_data index name: None
29/03/2023 15:44:39 - INFO - populationsim.steps.input_pre_processor - registering table State_control_data
29/03/2023 15:44:39 - DEBUG - activitysim.core.tracing - Time to execute #run_model completed step 'input_pre_processor' : 0.088 seconds (0.0 minutes)
29/03/2023 15:44:39 - DEBUG - activitysim.core.pipeline - add_checkpoint input_pre_processor timestamp 2023-03-29 15:44:39.165887
29/03/2023 15:44:39 - DEBUG - activitysim.core.pipeline - add_checkpoint 'input_pre_processor' table 'households' (22371, 5) 1.1 MB
29/03/2023 15:44:39 - DEBUG - activitysim.core.pipeline - add_checkpoint 'input_pre_processor' table 'persons' (57470, 6) 2.8 MB
29/03/2023 15:44:39 - DEBUG - activitysim.core.pipeline - add_checkpoint 'input_pre_processor' table 'geo_cross_walk' (32, 3) 896 B
29/03/2023 15:44:39 - DEBUG - activitysim.core.pipeline - add_checkpoint 'input_pre_processor' table 'LGA_control_data' (32, 13) 3.5 KB
29/03/2023 15:44:39 - DEBUG - activitysim.core.pipeline - add_checkpoint 'input_pre_processor' table 'State_control_data' (1, 12) 224 B
29/03/2023 15:44:39 - INFO - activitysim.core.pipeline - #run_model running step setup_data_structures
29/03/2023 15:44:39 - INFO - populationsim.steps.setup_data_structures - Reading control file configs\controls.csv
29/03/2023 15:44:39 - INFO - populationsim.steps.setup_data_structures - dropped 0 households not in seed zones
29/03/2023 15:44:39 - INFO - populationsim.steps.setup_data_structures - kept 22371 households in seed zones
29/03/2023 15:44:39 - DEBUG - activitysim.core.pipeline - rewrap table households inplace=False
29/03/2023 15:44:39 - DEBUG - activitysim.core.pipeline - rewrap table persons inplace=False
29/03/2023 15:44:39 - INFO - populationsim.steps.setup_data_structures - control target num_hh
29/03/2023 15:44:39 - DEBUG - populationsim.steps.setup_data_structures - control_row.seed_table households
29/03/2023 15:44:39 - DEBUG - populationsim.steps.setup_data_structures - control_row.expression (households.wdhhwgt_LGA > 0) & (households.wdhhwgt_LGA < np.inf)
29/03/2023 15:44:39 - INFO - populationsim.steps.setup_data_structures - grouped incidence table has 32 entries, ungrouped has 22371
29/03/2023 15:44:39 - DEBUG - activitysim.core.tracing - Time to execute #run_model completed step 'setup_data_structures' : 0.037 seconds (0.0 minutes)
29/03/2023 15:44:39 - DEBUG - activitysim.core.pipeline - add_checkpoint setup_data_structures timestamp 2023-03-29 15:44:39.296343
29/03/2023 15:44:39 - DEBUG - activitysim.core.pipeline - add_checkpoint 'setup_data_structures' table 'crosswalk' (32, 2) 768 B
29/03/2023 15:44:39 - DEBUG - activitysim.core.pipeline - add_checkpoint 'setup_data_structures' table 'control_spec' (1, 6) 176 B
29/03/2023 15:44:39 - DEBUG - activitysim.core.pipeline - add_checkpoint 'setup_data_structures' table 'State_controls' (1, 1) 16 B
29/03/2023 15:44:39 - DEBUG - activitysim.core.pipeline - add_checkpoint 'setup_data_structures' table 'LGA_controls' (32, 1) 512 B
29/03/2023 15:44:39 - DEBUG - activitysim.core.pipeline - add_checkpoint 'setup_data_structures' table 'households' (22371, 5) 1.1 MB
29/03/2023 15:44:39 - DEBUG - activitysim.core.pipeline - add_checkpoint 'setup_data_structures' table 'persons' (57470, 6) 2.8 MB
29/03/2023 15:44:39 - DEBUG - activitysim.core.pipeline - add_checkpoint 'setup_data_structures' table 'household_groups' (22371, 3) 626.4 KB
29/03/2023 15:44:39 - DEBUG - activitysim.core.pipeline - add_checkpoint 'setup_data_structures' table 'incidence_table' (32, 6) 1.7 KB
29/03/2023 15:44:39 - INFO - activitysim.core.pipeline - #run_model running step initial_seed_balancing
29/03/2023 15:44:39 - INFO - populationsim.steps.initial_seed_balancing - initial_seed_balancing seed id Whittlesea
29/03/2023 15:44:39 - INFO - populationsim.steps.initial_seed_balancing - seed_balancer status: {'converged': True, 'iter': 2, 'delta': 1.4551915228366852e-11, 'max_gamma_dif': 2.220446049250313e-16}
29/03/2023 15:44:39 - INFO - populationsim.steps.initial_seed_balancing - Total balanced weights for seed Whittlesea = 75971.00379291817
29/03/2023 15:44:39 - INFO - populationsim.steps.initial_seed_balancing - initial_seed_balancing seed id Frankston
29/03/2023 15:44:39 - INFO - populationsim.steps.initial_seed_balancing - seed_balancer status: {'converged': True, 'iter': 2, 'delta': 0.0, 'max_gamma_dif': 0.0}
29/03/2023 15:44:39 - INFO - populationsim.steps.initial_seed_balancing - Total balanced weights for seed Frankston = 53019.00491147455
29/03/2023 15:44:39 - INFO - populationsim.steps.initial_seed_balancing - initial_seed_balancing seed id Stonnington
29/03/2023 15:44:39 - INFO - populationsim.steps.initial_seed_balancing - seed_balancer status: {'converged': True, 'iter': 2, 'delta': 7.275957614183426e-12, 'max_gamma_dif': 1.1102230246251565e-16}
29/03/2023 15:44:39 - INFO - populationsim.steps.initial_seed_balancing - Total balanced weights for seed Stonnington = 47229.00797285927
29/03/2023 15:44:39 - INFO - populationsim.steps.initial_seed_balancing - initial_seed_balancing seed id Monash
29/03/2023 15:44:39 - INFO - populationsim.steps.initial_seed_balancing - seed_balancer status: {'converged': True, 'iter': 2, 'delta': 1.4551915228366852e-11, 'max_gamma_dif': 2.220446049250313e-16}
29/03/2023 15:44:39 - INFO - populationsim.steps.initial_seed_balancing - Total balanced weights for seed Monash = 66979.00638018345
29/03/2023 15:44:39 - INFO - populationsim.steps.initial_seed_balancing - initial_seed_balancing seed id Maribyrnong
29/03/2023 15:44:39 - INFO - populationsim.steps.initial_seed_balancing - seed_balancer status: {'converged': True, 'iter': 2, 'delta': 0.0, 'max_gamma_dif': 0.0}
29/03/2023 15:44:39 - INFO - populationsim.steps.initial_seed_balancing - Total balanced weights for seed Maribyrnong = 33695.0044033596
29/03/2023 15:44:39 - INFO - populationsim.steps.initial_seed_balancing - initial_seed_balancing seed id Melbourne
29/03/2023 15:44:39 - INFO - populationsim.steps.initial_seed_balancing - seed_balancer status: {'converged': True, 'iter': 2, 'delta': 0.0, 'max_gamma_dif': 0.0}
29/03/2023 15:44:39 - INFO - populationsim.steps.initial_seed_balancing - Total balanced weights for seed Melbourne = 70760.01429083924
29/03/2023 15:44:39 - INFO - populationsim.steps.initial_seed_balancing - initial_seed_balancing seed id GreaterGeelong
29/03/2023 15:44:39 - INFO - populationsim.steps.initial_seed_balancing - seed_balancer status: {'converged': True, 'iter': 2, 'delta': 1.4551915228366852e-11, 'max_gamma_dif': 1.1102230246251565e-16}
29/03/2023 15:44:39 - INFO - populationsim.steps.initial_seed_balancing - Total balanced weights for seed GreaterGeelong = 103508.00285491119
29/03/2023 15:44:39 - INFO - populationsim.steps.initial_seed_balancing - initial_seed_balancing seed id GreaterDandenong
29/03/2023 15:44:39 - INFO - populationsim.steps.initial_seed_balancing - seed_balancer status: {'converged': True, 'iter': 2, 'delta': 0.0, 'max_gamma_dif': 0.0}
29/03/2023 15:44:39 - INFO - populationsim.steps.initial_seed_balancing - Total balanced weights for seed GreaterDandenong = 51670.00586620442
29/03/2023 15:44:39 - INFO - populationsim.steps.initial_seed_balancing - initial_seed_balancing seed id PortPhillip
29/03/2023 15:44:39 - INFO - populationsim.steps.initial_seed_balancing - seed_balancer status: {'converged': True, 'iter': 2, 'delta': 0.0, 'max_gamma_dif': 0.0}
29/03/2023 15:44:39 - INFO - populationsim.steps.initial_seed_balancing - Total balanced weights for seed PortPhillip = 48731.00971384245
29/03/2023 15:44:39 - INFO - populationsim.steps.initial_seed_balancing - initial_seed_balancing seed id Brimbank
29/03/2023 15:44:39 - INFO - populationsim.steps.initial_seed_balancing - seed_balancer status: {'converged': True, 'iter': 2, 'delta': 7.275957614183426e-12, 'max_gamma_dif': 1.1102230246251565e-16}
29/03/2023 15:44:39 - INFO - populationsim.steps.initial_seed_balancing - Total balanced weights for seed Brimbank = 63949.00782774
29/03/2023 15:44:39 - INFO - populationsim.steps.initial_seed_balancing - initial_seed_balancing seed id Hume
29/03/2023 15:44:39 - INFO - populationsim.steps.initial_seed_balancing - seed_balancer status: {'converged': True, 'iter': 2, 'delta': 2.9103830456733704e-11, 'max_gamma_dif': 3.3306690738754696e-16}
29/03/2023 15:44:39 - INFO - populationsim.steps.initial_seed_balancing - Total balanced weights for seed Hume = 75740.00090859731
29/03/2023 15:44:39 - INFO - populationsim.steps.initial_seed_balancing - initial_seed_balancing seed id Knox
29/03/2023 15:44:39 - INFO - populationsim.steps.initial_seed_balancing - seed_balancer status: {'converged': True, 'iter': 2, 'delta': 7.275957614183426e-12, 'max_gamma_dif': 1.1102230246251565e-16}
29/03/2023 15:44:39 - INFO - populationsim.steps.initial_seed_balancing - Total balanced weights for seed Knox = 57422.00371329252
29/03/2023 15:44:39 - INFO - populationsim.steps.initial_seed_balancing - initial_seed_balancing seed id YarraRanges
29/03/2023 15:44:39 - INFO - populationsim.steps.initial_seed_balancing - seed_balancer status: {'converged': True, 'iter': 2, 'delta': 7.275957614183426e-12, 'max_gamma_dif': 1.1102230246251565e-16}
29/03/2023 15:44:39 - INFO - populationsim.steps.initial_seed_balancing - Total balanced weights for seed YarraRanges = 55842.00444893057
29/03/2023 15:44:39 - INFO - populationsim.steps.initial_seed_balancing - initial_seed_balancing seed id Cardinia
29/03/2023 15:44:39 - INFO - populationsim.steps.initial_seed_balancing - seed_balancer status: {'converged': True, 'iter': 2, 'delta': 0.0, 'max_gamma_dif': 0.0}
29/03/2023 15:44:39 - INFO - populationsim.steps.initial_seed_balancing - Total balanced weights for seed Cardinia = 39607.000882249646
29/03/2023 15:44:39 - INFO - populationsim.steps.initial_seed_balancing - initial_seed_balancing seed id Casey
29/03/2023 15:44:39 - INFO - populationsim.steps.initial_seed_balancing - seed_balancer status: {'converged': True, 'iter': 2, 'delta': 1.4551915228366852e-11, 'max_gamma_dif': 1.1102230246251565e-16}
29/03/2023 15:44:39 - INFO - populationsim.steps.initial_seed_balancing - Total balanced weights for seed Casey = 113365.00339554284
29/03/2023 15:44:39 - INFO - populationsim.steps.initial_seed_balancing - initial_seed_balancing seed id Banyule
29/03/2023 15:44:39 - INFO - populationsim.steps.initial_seed_balancing - seed_balancer status: {'converged': True, 'iter': 2, 'delta': 0.0, 'max_gamma_dif': 0.0}
29/03/2023 15:44:39 - INFO - populationsim.steps.initial_seed_balancing - Total balanced weights for seed Banyule = 47666.00410204456
29/03/2023 15:44:39 - INFO - populationsim.steps.initial_seed_balancing - initial_seed_balancing seed id Whitehorse
29/03/2023 15:44:39 - INFO - populationsim.steps.initial_seed_balancing - seed_balancer status: {'converged': True, 'iter': 2, 'delta': 1.4551915228366852e-11, 'max_gamma_dif': 2.220446049250313e-16}
29/03/2023 15:44:39 - INFO - populationsim.steps.initial_seed_balancing - Total balanced weights for seed Whitehorse = 63094.005072614986
29/03/2023 15:44:39 - INFO - populationsim.steps.initial_seed_balancing - initial_seed_balancing seed id Yarra
29/03/2023 15:44:39 - INFO - populationsim.steps.initial_seed_balancing - seed_balancer status: {'converged': True, 'iter': 2, 'delta': 7.275957614183426e-12, 'max_gamma_dif': 2.220446049250313e-16}
29/03/2023 15:44:39 - INFO - populationsim.steps.initial_seed_balancing - Total balanced weights for seed Yarra = 40646.007001912476
29/03/2023 15:44:39 - INFO - populationsim.steps.initial_seed_balancing - initial_seed_balancing seed id Wyndham
29/03/2023 15:44:39 - INFO - populationsim.steps.initial_seed_balancing - seed_balancer status: {'converged': True, 'iter': 2, 'delta': 0.0, 'max_gamma_dif': 0.0}
29/03/2023 15:44:39 - INFO - populationsim.steps.initial_seed_balancing - Total balanced weights for seed Wyndham = 89822.99915448383
29/03/2023 15:44:39 - INFO - populationsim.steps.initial_seed_balancing - initial_seed_balancing seed id Maroondah
29/03/2023 15:44:39 - INFO - populationsim.steps.initial_seed_balancing - seed_balancer status: {'converged': True, 'iter': 2, 'delta': 0.0, 'max_gamma_dif': 0.0}
29/03/2023 15:44:39 - INFO - populationsim.steps.initial_seed_balancing - Total balanced weights for seed Maroondah = 43006.003185047186
29/03/2023 15:44:39 - INFO - populationsim.steps.initial_seed_balancing - initial_seed_balancing seed id Darebin
29/03/2023 15:44:39 - INFO - populationsim.steps.initial_seed_balancing - seed_balancer status: {'converged': True, 'iter': 2, 'delta': 0.0, 'max_gamma_dif': 0.0}
29/03/2023 15:44:39 - INFO - populationsim.steps.initial_seed_balancing - Total balanced weights for seed Darebin = 59488.00742771007
29/03/2023 15:44:39 - INFO - populationsim.steps.initial_seed_balancing - initial_seed_balancing seed id MooneeValley
29/03/2023 15:44:39 - INFO - populationsim.steps.initial_seed_balancing - seed_balancer status: {'converged': True, 'iter': 2, 'delta': 0.0, 'max_gamma_dif': 0.0}
29/03/2023 15:44:39 - INFO - populationsim.steps.initial_seed_balancing - Total balanced weights for seed MooneeValley = 47814.005022745594
29/03/2023 15:44:39 - INFO - populationsim.steps.initial_seed_balancing - initial_seed_balancing seed id Manningham
29/03/2023 15:44:39 - INFO - populationsim.steps.initial_seed_balancing - seed_balancer status: {'converged': True, 'iter': 2, 'delta': 0.0, 'max_gamma_dif': 0.0}
29/03/2023 15:44:39 - INFO - populationsim.steps.initial_seed_balancing - Total balanced weights for seed Manningham = 44574.00206015687
29/03/2023 15:44:39 - INFO - populationsim.steps.initial_seed_balancing - initial_seed_balancing seed id MorningtonPeninsula
29/03/2023 15:44:39 - INFO - populationsim.steps.initial_seed_balancing - seed_balancer status: {'converged': True, 'iter': 2, 'delta': 1.4551915228366852e-11, 'max_gamma_dif': 2.220446049250313e-16}
29/03/2023 15:44:39 - INFO - populationsim.steps.initial_seed_balancing - Total balanced weights for seed MorningtonPeninsula = 64650.00532719762
29/03/2023 15:44:39 - INFO - populationsim.steps.initial_seed_balancing - initial_seed_balancing seed id Bayside
29/03/2023 15:44:39 - INFO - populationsim.steps.initial_seed_balancing - seed_balancer status: {'converged': True, 'iter': 2, 'delta': 0.0, 'max_gamma_dif': 0.0}
29/03/2023 15:44:39 - INFO - populationsim.steps.initial_seed_balancing - Total balanced weights for seed Bayside = 37936.00389044044
29/03/2023 15:44:39 - INFO - populationsim.steps.initial_seed_balancing - initial_seed_balancing seed id Kingston
29/03/2023 15:44:39 - INFO - populationsim.steps.initial_seed_balancing - seed_balancer status: {'converged': True, 'iter': 2, 'delta': 7.275957614183426e-12, 'max_gamma_dif': 1.1102230246251565e-16}
29/03/2023 15:44:39 - INFO - populationsim.steps.initial_seed_balancing - Total balanced weights for seed Kingston = 60940.005272100694
29/03/2023 15:44:39 - INFO - populationsim.steps.initial_seed_balancing - initial_seed_balancing seed id Moreland
29/03/2023 15:44:39 - INFO - populationsim.steps.initial_seed_balancing - seed_balancer status: {'converged': True, 'iter': 2, 'delta': 1.4551915228366852e-11, 'max_gamma_dif': 2.220446049250313e-16}
29/03/2023 15:44:39 - INFO - populationsim.steps.initial_seed_balancing - Total balanced weights for seed Moreland = 67871.00823120761
29/03/2023 15:44:39 - INFO - populationsim.steps.initial_seed_balancing - initial_seed_balancing seed id Nillumbik
29/03/2023 15:44:39 - INFO - populationsim.steps.initial_seed_balancing - seed_balancer status: {'converged': True, 'iter': 2, 'delta': 0.0, 'max_gamma_dif': 0.0}
29/03/2023 15:44:39 - INFO - populationsim.steps.initial_seed_balancing - Total balanced weights for seed Nillumbik = 20912.001657814595
29/03/2023 15:44:39 - INFO - populationsim.steps.initial_seed_balancing - initial_seed_balancing seed id Boroondara
29/03/2023 15:44:39 - INFO - populationsim.steps.initial_seed_balancing - seed_balancer status: {'converged': True, 'iter': 2, 'delta': 0.0, 'max_gamma_dif': 0.0}
29/03/2023 15:44:39 - INFO - populationsim.steps.initial_seed_balancing - Total balanced weights for seed Boroondara = 62715.007794233585
29/03/2023 15:44:39 - INFO - populationsim.steps.initial_seed_balancing - initial_seed_balancing seed id GlenEira
29/03/2023 15:44:39 - INFO - populationsim.steps.initial_seed_balancing - seed_balancer status: {'converged': True, 'iter': 2, 'delta': 7.275957614183426e-12, 'max_gamma_dif': 1.1102230246251565e-16}
29/03/2023 15:44:39 - INFO - populationsim.steps.initial_seed_balancing - Total balanced weights for seed GlenEira = 57971.0045396644
29/03/2023 15:44:39 - INFO - populationsim.steps.initial_seed_balancing - initial_seed_balancing seed id HobsonsBay
29/03/2023 15:44:39 - INFO - populationsim.steps.initial_seed_balancing - seed_balancer status: {'converged': True, 'iter': 2, 'delta': 0.0, 'max_gamma_dif': 0.0}
29/03/2023 15:44:39 - INFO - populationsim.steps.initial_seed_balancing - Total balanced weights for seed HobsonsBay = 34663.00389880491
29/03/2023 15:44:39 - INFO - populationsim.steps.initial_seed_balancing - initial_seed_balancing seed id Melton
29/03/2023 15:44:39 - INFO - populationsim.steps.initial_seed_balancing - seed_balancer status: {'converged': True, 'iter': 2, 'delta': 0.0, 'max_gamma_dif': 0.0}
29/03/2023 15:44:39 - INFO - populationsim.steps.initial_seed_balancing - Total balanced weights for seed Melton = 54907.00004980736
29/03/2023 15:44:39 - DEBUG - activitysim.core.tracing - Time to execute #run_model completed step 'initial_seed_balancing' : 0.176 seconds (0.0 minutes)
29/03/2023 15:44:39 - DEBUG - activitysim.core.pipeline - add_checkpoint initial_seed_balancing timestamp 2023-03-29 15:44:39.570724
29/03/2023 15:44:39 - DEBUG - activitysim.core.pipeline - add_checkpoint 'initial_seed_balancing' table 'LGA_weights' (32, 4) 1.2 KB
29/03/2023 15:44:39 - INFO - activitysim.core.pipeline - #run_model running step meta_control_factoring
29/03/2023 15:44:39 - WARNING - populationsim.steps.meta_control_factoring - meta_control_factoring: no meta targets so nothing to do
29/03/2023 15:44:39 - DEBUG - activitysim.core.tracing - Time to execute #run_model completed step 'meta_control_factoring' : 0.002 seconds (0.0 minutes)
29/03/2023 15:44:39 - DEBUG - activitysim.core.pipeline - add_checkpoint meta_control_factoring timestamp 2023-03-29 15:44:39.627728
29/03/2023 15:44:39 - INFO - activitysim.core.pipeline - #run_model running step final_seed_balancing
29/03/2023 15:44:39 - WARNING - populationsim.steps.final_seed_balancing - no need for final_seed_balancing because no meta controls
29/03/2023 15:44:39 - DEBUG - activitysim.core.tracing - Time to execute #run_model completed step 'final_seed_balancing' : 0.002 seconds (0.0 minutes)
29/03/2023 15:44:39 - DEBUG - activitysim.core.pipeline - add_checkpoint final_seed_balancing timestamp 2023-03-29 15:44:39.677726
29/03/2023 15:44:39 - DEBUG - activitysim.core.pipeline - rewrap table LGA_weights inplace=True
29/03/2023 15:44:39 - DEBUG - activitysim.core.pipeline - add_checkpoint 'final_seed_balancing' table 'LGA_weights' (32, 5) 1.4 KB
29/03/2023 15:44:39 - INFO - activitysim.core.pipeline - #run_model running step integerize_final_seed_weights
29/03/2023 15:44:39 - INFO - populationsim.steps.integerize_final_seed_weights - integerize_final_seed_weights seed id Whittlesea
29/03/2023 15:44:39 - DEBUG - populationsim.integerizer - Integerizer: 0 out of 1 different from round
29/03/2023 15:44:39 - DEBUG - populationsim.integerizer - Integerizer status for unbackstopped LGA_Whittlesea: OPTIMAL
29/03/2023 15:44:39 - INFO - populationsim.steps.integerize_final_seed_weights - integerize_final_seed_weights seed id Frankston
29/03/2023 15:44:39 - DEBUG - populationsim.integerizer - Integerizer: 0 out of 1 different from round
29/03/2023 15:44:39 - DEBUG - populationsim.integerizer - Integerizer status for unbackstopped LGA_Frankston: OPTIMAL
29/03/2023 15:44:39 - INFO - populationsim.steps.integerize_final_seed_weights - integerize_final_seed_weights seed id Stonnington
29/03/2023 15:44:39 - DEBUG - populationsim.integerizer - Integerizer: 0 out of 1 different from round
29/03/2023 15:44:39 - DEBUG - populationsim.integerizer - Integerizer status for unbackstopped LGA_Stonnington: OPTIMAL
29/03/2023 15:44:39 - INFO - populationsim.steps.integerize_final_seed_weights - integerize_final_seed_weights seed id Monash
29/03/2023 15:44:39 - DEBUG - populationsim.integerizer - Integerizer: 0 out of 1 different from round
29/03/2023 15:44:39 - DEBUG - populationsim.integerizer - Integerizer status for unbackstopped LGA_Monash: OPTIMAL
29/03/2023 15:44:39 - INFO - populationsim.steps.integerize_final_seed_weights - integerize_final_seed_weights seed id Maribyrnong
29/03/2023 15:44:39 - DEBUG - populationsim.integerizer - Integerizer: 0 out of 1 different from round
29/03/2023 15:44:39 - DEBUG - populationsim.integerizer - Integerizer status for unbackstopped LGA_Maribyrnong: OPTIMAL
29/03/2023 15:44:39 - INFO - populationsim.steps.integerize_final_seed_weights - integerize_final_seed_weights seed id Melbourne
29/03/2023 15:44:39 - DEBUG - populationsim.integerizer - Integerizer: 0 out of 1 different from round
29/03/2023 15:44:39 - DEBUG - populationsim.integerizer - Integerizer status for unbackstopped LGA_Melbourne: OPTIMAL
29/03/2023 15:44:39 - INFO - populationsim.steps.integerize_final_seed_weights - integerize_final_seed_weights seed id GreaterGeelong
29/03/2023 15:44:39 - DEBUG - populationsim.integerizer - Integerizer: 0 out of 1 different from round
29/03/2023 15:44:39 - DEBUG - populationsim.integerizer - Integerizer status for unbackstopped LGA_GreaterGeelong: OPTIMAL
29/03/2023 15:44:39 - INFO - populationsim.steps.integerize_final_seed_weights - integerize_final_seed_weights seed id GreaterDandenong
29/03/2023 15:44:39 - DEBUG - populationsim.integerizer - Integerizer: 0 out of 1 different from round
29/03/2023 15:44:39 - DEBUG - populationsim.integerizer - Integerizer status for unbackstopped LGA_GreaterDandenong: OPTIMAL
29/03/2023 15:44:39 - INFO - populationsim.steps.integerize_final_seed_weights - integerize_final_seed_weights seed id PortPhillip
29/03/2023 15:44:39 - DEBUG - populationsim.integerizer - Integerizer: 0 out of 1 different from round
29/03/2023 15:44:39 - DEBUG - populationsim.integerizer - Integerizer status for unbackstopped LGA_PortPhillip: OPTIMAL
29/03/2023 15:44:39 - INFO - populationsim.steps.integerize_final_seed_weights - integerize_final_seed_weights seed id Brimbank
29/03/2023 15:44:39 - DEBUG - populationsim.integerizer - Integerizer: 0 out of 1 different from round
29/03/2023 15:44:39 - DEBUG - populationsim.integerizer - Integerizer status for unbackstopped LGA_Brimbank: OPTIMAL
29/03/2023 15:44:39 - INFO - populationsim.steps.integerize_final_seed_weights - integerize_final_seed_weights seed id Hume
29/03/2023 15:44:39 - DEBUG - populationsim.integerizer - Integerizer: 0 out of 1 different from round
29/03/2023 15:44:39 - DEBUG - populationsim.integerizer - Integerizer status for unbackstopped LGA_Hume: OPTIMAL
29/03/2023 15:44:39 - INFO - populationsim.steps.integerize_final_seed_weights - integerize_final_seed_weights seed id Knox
29/03/2023 15:44:39 - DEBUG - populationsim.integerizer - Integerizer: 0 out of 1 different from round
29/03/2023 15:44:39 - DEBUG - populationsim.integerizer - Integerizer status for unbackstopped LGA_Knox: OPTIMAL
29/03/2023 15:44:39 - INFO - populationsim.steps.integerize_final_seed_weights - integerize_final_seed_weights seed id YarraRanges
29/03/2023 15:44:39 - DEBUG - populationsim.integerizer - Integerizer: 0 out of 1 different from round
29/03/2023 15:44:39 - DEBUG - populationsim.integerizer - Integerizer status for unbackstopped LGA_YarraRanges: OPTIMAL
29/03/2023 15:44:39 - INFO - populationsim.steps.integerize_final_seed_weights - integerize_final_seed_weights seed id Cardinia
29/03/2023 15:44:39 - DEBUG - populationsim.integerizer - Integerizer: 0 out of 1 different from round
29/03/2023 15:44:39 - DEBUG - populationsim.integerizer - Integerizer status for unbackstopped LGA_Cardinia: OPTIMAL
29/03/2023 15:44:39 - INFO - populationsim.steps.integerize_final_seed_weights - integerize_final_seed_weights seed id Casey
29/03/2023 15:44:39 - DEBUG - populationsim.integerizer - Integerizer: 0 out of 1 different from round
29/03/2023 15:44:39 - DEBUG - populationsim.integerizer - Integerizer status for unbackstopped LGA_Casey: OPTIMAL
29/03/2023 15:44:39 - INFO - populationsim.steps.integerize_final_seed_weights - integerize_final_seed_weights seed id Banyule
29/03/2023 15:44:39 - DEBUG - populationsim.integerizer - Integerizer: 0 out of 1 different from round
29/03/2023 15:44:39 - DEBUG - populationsim.integerizer - Integerizer status for unbackstopped LGA_Banyule: OPTIMAL
29/03/2023 15:44:39 - INFO - populationsim.steps.integerize_final_seed_weights - integerize_final_seed_weights seed id Whitehorse
29/03/2023 15:44:39 - DEBUG - populationsim.integerizer - Integerizer: 0 out of 1 different from round
29/03/2023 15:44:39 - DEBUG - populationsim.integerizer - Integerizer status for unbackstopped LGA_Whitehorse: OPTIMAL
29/03/2023 15:44:39 - INFO - populationsim.steps.integerize_final_seed_weights - integerize_final_seed_weights seed id Yarra
29/03/2023 15:44:39 - DEBUG - populationsim.integerizer - Integerizer: 0 out of 1 different from round
29/03/2023 15:44:39 - DEBUG - populationsim.integerizer - Integerizer status for unbackstopped LGA_Yarra: OPTIMAL
29/03/2023 15:44:39 - INFO - populationsim.steps.integerize_final_seed_weights - integerize_final_seed_weights seed id Wyndham
29/03/2023 15:44:39 - DEBUG - populationsim.integerizer - Integerizer: 0 out of 1 different from round
29/03/2023 15:44:39 - DEBUG - populationsim.integerizer - Integerizer status for unbackstopped LGA_Wyndham: OPTIMAL
29/03/2023 15:44:39 - INFO - populationsim.steps.integerize_final_seed_weights - integerize_final_seed_weights seed id Maroondah
29/03/2023 15:44:39 - DEBUG - populationsim.integerizer - Integerizer: 0 out of 1 different from round
29/03/2023 15:44:39 - DEBUG - populationsim.integerizer - Integerizer status for unbackstopped LGA_Maroondah: OPTIMAL
29/03/2023 15:44:39 - INFO - populationsim.steps.integerize_final_seed_weights - integerize_final_seed_weights seed id Darebin
29/03/2023 15:44:39 - DEBUG - populationsim.integerizer - Integerizer: 0 out of 1 different from round
29/03/2023 15:44:39 - DEBUG - populationsim.integerizer - Integerizer status for unbackstopped LGA_Darebin: OPTIMAL
29/03/2023 15:44:39 - INFO - populationsim.steps.integerize_final_seed_weights - integerize_final_seed_weights seed id MooneeValley
29/03/2023 15:44:39 - DEBUG - populationsim.integerizer - Integerizer: 0 out of 1 different from round
29/03/2023 15:44:39 - DEBUG - populationsim.integerizer - Integerizer status for unbackstopped LGA_MooneeValley: OPTIMAL
29/03/2023 15:44:39 - INFO - populationsim.steps.integerize_final_seed_weights - integerize_final_seed_weights seed id Manningham
29/03/2023 15:44:39 - DEBUG - populationsim.integerizer - Integerizer: 0 out of 1 different from round
29/03/2023 15:44:39 - DEBUG - populationsim.integerizer - Integerizer status for unbackstopped LGA_Manningham: OPTIMAL
29/03/2023 15:44:39 - INFO - populationsim.steps.integerize_final_seed_weights - integerize_final_seed_weights seed id MorningtonPeninsula
29/03/2023 15:44:39 - DEBUG - populationsim.integerizer - Integerizer: 0 out of 1 different from round
29/03/2023 15:44:39 - DEBUG - populationsim.integerizer - Integerizer status for unbackstopped LGA_MorningtonPeninsula: OPTIMAL
29/03/2023 15:44:39 - INFO - populationsim.steps.integerize_final_seed_weights - integerize_final_seed_weights seed id Bayside
29/03/2023 15:44:39 - DEBUG - populationsim.integerizer - Integerizer: 0 out of 1 different from round
29/03/2023 15:44:39 - DEBUG - populationsim.integerizer - Integerizer status for unbackstopped LGA_Bayside: OPTIMAL
29/03/2023 15:44:39 - INFO - populationsim.steps.integerize_final_seed_weights - integerize_final_seed_weights seed id Kingston
29/03/2023 15:44:39 - DEBUG - populationsim.integerizer - Integerizer: 0 out of 1 different from round
29/03/2023 15:44:39 - DEBUG - populationsim.integerizer - Integerizer status for unbackstopped LGA_Kingston: OPTIMAL
29/03/2023 15:44:39 - INFO - populationsim.steps.integerize_final_seed_weights - integerize_final_seed_weights seed id Moreland
29/03/2023 15:44:39 - DEBUG - populationsim.integerizer - Integerizer: 0 out of 1 different from round
29/03/2023 15:44:39 - DEBUG - populationsim.integerizer - Integerizer status for unbackstopped LGA_Moreland: OPTIMAL
29/03/2023 15:44:39 - INFO - populationsim.steps.integerize_final_seed_weights - integerize_final_seed_weights seed id Nillumbik
29/03/2023 15:44:39 - DEBUG - populationsim.integerizer - Integerizer: 0 out of 1 different from round
29/03/2023 15:44:39 - DEBUG - populationsim.integerizer - Integerizer status for unbackstopped LGA_Nillumbik: OPTIMAL
29/03/2023 15:44:39 - INFO - populationsim.steps.integerize_final_seed_weights - integerize_final_seed_weights seed id Boroondara
29/03/2023 15:44:39 - DEBUG - populationsim.integerizer - Integerizer: 0 out of 1 different from round
29/03/2023 15:44:39 - DEBUG - populationsim.integerizer - Integerizer status for unbackstopped LGA_Boroondara: OPTIMAL
29/03/2023 15:44:39 - INFO - populationsim.steps.integerize_final_seed_weights - integerize_final_seed_weights seed id GlenEira
29/03/2023 15:44:39 - DEBUG - populationsim.integerizer - Integerizer: 0 out of 1 different from round
29/03/2023 15:44:39 - DEBUG - populationsim.integerizer - Integerizer status for unbackstopped LGA_GlenEira: OPTIMAL
29/03/2023 15:44:39 - INFO - populationsim.steps.integerize_final_seed_weights - integerize_final_seed_weights seed id HobsonsBay
29/03/2023 15:44:39 - DEBUG - populationsim.integerizer - Integerizer: 0 out of 1 different from round
29/03/2023 15:44:39 - DEBUG - populationsim.integerizer - Integerizer status for unbackstopped LGA_HobsonsBay: OPTIMAL
29/03/2023 15:44:39 - INFO - populationsim.steps.integerize_final_seed_weights - integerize_final_seed_weights seed id Melton
29/03/2023 15:44:39 - DEBUG - populationsim.integerizer - Integerizer: 0 out of 1 different from round
29/03/2023 15:44:39 - DEBUG - populationsim.integerizer - Integerizer status for unbackstopped LGA_Melton: OPTIMAL
29/03/2023 15:44:39 - DEBUG - activitysim.core.tracing - Time to execute #run_model completed step 'integerize_final_seed_weights' : 0.243 seconds (0.0 minutes)
29/03/2023 15:44:39 - DEBUG - activitysim.core.pipeline - add_checkpoint integerize_final_seed_weights timestamp 2023-03-29 15:44:39.975232
29/03/2023 15:44:39 - DEBUG - activitysim.core.pipeline - rewrap table LGA_weights inplace=True
29/03/2023 15:44:39 - DEBUG - activitysim.core.pipeline - add_checkpoint 'integerize_final_seed_weights' table 'LGA_weights' (32, 6) 1.7 KB
29/03/2023 15:44:40 - INFO - activitysim.core.pipeline - #run_model running step sub_balancing
29/03/2023 15:44:40 - INFO - populationsim.steps.sub_balancing - balancing 1/1 seed Whittlesea, LGA Whittlesea
29/03/2023 15:44:40 - DEBUG - populationsim.simul_balancer - 1 positive weight rows out of 1
29/03/2023 15:44:40 - DEBUG - populationsim.simul_balancer - np_simul_balancer sample_count 1 control_count 1 zone_count 1
29/03/2023 15:44:40 - DEBUG - populationsim.simul_balancer - np_simul_balancer iteration 0 delta 0.0 max_gamma_dif 23.431947802259696
29/03/2023 15:44:40 - DEBUG - populationsim.steps.sub_balancing - LGA Whittlesea converged False iter 0
29/03/2023 15:44:40 - DEBUG - populationsim.multi_integerizer - SimulIntegerizer status OPTIMAL
29/03/2023 15:44:40 - INFO - populationsim.multi_integerizer - do_simul_integerizing succeeded for LGA_Whittlesea status OPTIMAL. 
29/03/2023 15:44:40 - INFO - populationsim.steps.sub_balancing - balancing 1/1 seed Frankston, LGA Frankston
29/03/2023 15:44:40 - DEBUG - populationsim.simul_balancer - 1 positive weight rows out of 1
29/03/2023 15:44:40 - DEBUG - populationsim.simul_balancer - np_simul_balancer sample_count 1 control_count 1 zone_count 1
29/03/2023 15:44:40 - DEBUG - populationsim.simul_balancer - np_simul_balancer iteration 0 delta 0.0 max_gamma_dif 34.0082022526506
29/03/2023 15:44:40 - DEBUG - populationsim.steps.sub_balancing - LGA Frankston converged False iter 0
29/03/2023 15:44:40 - DEBUG - populationsim.multi_integerizer - SimulIntegerizer status OPTIMAL
29/03/2023 15:44:40 - INFO - populationsim.multi_integerizer - do_simul_integerizing succeeded for LGA_Frankston status OPTIMAL. 
29/03/2023 15:44:40 - INFO - populationsim.steps.sub_balancing - balancing 1/1 seed Stonnington, LGA Stonnington
29/03/2023 15:44:40 - DEBUG - populationsim.simul_balancer - 1 positive weight rows out of 1
29/03/2023 15:44:40 - DEBUG - populationsim.simul_balancer - np_simul_balancer sample_count 1 control_count 1 zone_count 1
29/03/2023 15:44:40 - DEBUG - populationsim.simul_balancer - np_simul_balancer iteration 0 delta 0.0 max_gamma_dif 38.29983504336926
29/03/2023 15:44:40 - DEBUG - populationsim.steps.sub_balancing - LGA Stonnington converged False iter 0
29/03/2023 15:44:40 - DEBUG - populationsim.multi_integerizer - SimulIntegerizer status OPTIMAL
29/03/2023 15:44:40 - INFO - populationsim.multi_integerizer - do_simul_integerizing succeeded for LGA_Stonnington status OPTIMAL. 
29/03/2023 15:44:40 - INFO - populationsim.steps.sub_balancing - balancing 1/1 seed Monash, LGA Monash
29/03/2023 15:44:40 - DEBUG - populationsim.simul_balancer - 1 positive weight rows out of 1
29/03/2023 15:44:40 - DEBUG - populationsim.simul_balancer - np_simul_balancer sample_count 1 control_count 1 zone_count 1
29/03/2023 15:44:40 - DEBUG - populationsim.simul_balancer - np_simul_balancer iteration 0 delta 0.0 max_gamma_dif 26.711871159812663
29/03/2023 15:44:40 - DEBUG - populationsim.steps.sub_balancing - LGA Monash converged False iter 0
29/03/2023 15:44:40 - DEBUG - populationsim.multi_integerizer - SimulIntegerizer status OPTIMAL
29/03/2023 15:44:40 - INFO - populationsim.multi_integerizer - do_simul_integerizing succeeded for LGA_Monash status OPTIMAL. 
29/03/2023 15:44:40 - INFO - populationsim.steps.sub_balancing - balancing 1/1 seed Maribyrnong, LGA Maribyrnong
29/03/2023 15:44:40 - DEBUG - populationsim.simul_balancer - 1 positive weight rows out of 1
29/03/2023 15:44:40 - DEBUG - populationsim.simul_balancer - np_simul_balancer sample_count 1 control_count 1 zone_count 1
29/03/2023 15:44:40 - DEBUG - populationsim.simul_balancer - np_simul_balancer iteration 0 delta 0.0 max_gamma_dif 54.08421459807031
29/03/2023 15:44:40 - DEBUG - populationsim.steps.sub_balancing - LGA Maribyrnong converged False iter 0
29/03/2023 15:44:40 - DEBUG - populationsim.multi_integerizer - SimulIntegerizer status OPTIMAL
29/03/2023 15:44:40 - INFO - populationsim.multi_integerizer - do_simul_integerizing succeeded for LGA_Maribyrnong status OPTIMAL. 
29/03/2023 15:44:40 - INFO - populationsim.steps.sub_balancing - balancing 1/1 seed Melbourne, LGA Melbourne
29/03/2023 15:44:40 - DEBUG - populationsim.simul_balancer - 1 positive weight rows out of 1
29/03/2023 15:44:40 - DEBUG - populationsim.simul_balancer - np_simul_balancer sample_count 1 control_count 1 zone_count 1
29/03/2023 15:44:40 - DEBUG - populationsim.simul_balancer - np_simul_balancer iteration 0 delta 0.0 max_gamma_dif 25.2311498992808
29/03/2023 15:44:40 - DEBUG - populationsim.steps.sub_balancing - LGA Melbourne converged False iter 0
29/03/2023 15:44:40 - DEBUG - populationsim.multi_integerizer - SimulIntegerizer status OPTIMAL
29/03/2023 15:44:40 - INFO - populationsim.multi_integerizer - do_simul_integerizing succeeded for LGA_Melbourne status OPTIMAL. 
29/03/2023 15:44:40 - INFO - populationsim.steps.sub_balancing - balancing 1/1 seed GreaterGeelong, LGA GreaterGeelong
29/03/2023 15:44:40 - DEBUG - populationsim.simul_balancer - 1 positive weight rows out of 1
29/03/2023 15:44:40 - DEBUG - populationsim.simul_balancer - np_simul_balancer sample_count 1 control_count 1 zone_count 1
29/03/2023 15:44:40 - DEBUG - populationsim.simul_balancer - np_simul_balancer iteration 0 delta 0.0 max_gamma_dif 16.93225229914379
29/03/2023 15:44:40 - DEBUG - populationsim.steps.sub_balancing - LGA GreaterGeelong converged False iter 0
29/03/2023 15:44:40 - DEBUG - populationsim.multi_integerizer - SimulIntegerizer status OPTIMAL
29/03/2023 15:44:40 - INFO - populationsim.multi_integerizer - do_simul_integerizing succeeded for LGA_GreaterGeelong status OPTIMAL. 
29/03/2023 15:44:40 - INFO - populationsim.steps.sub_balancing - balancing 1/1 seed GreaterDandenong, LGA GreaterDandenong
29/03/2023 15:44:40 - DEBUG - populationsim.simul_balancer - 1 positive weight rows out of 1
29/03/2023 15:44:40 - DEBUG - populationsim.simul_balancer - np_simul_balancer sample_count 1 control_count 1 zone_count 1
29/03/2023 15:44:40 - DEBUG - populationsim.simul_balancer - np_simul_balancer iteration 0 delta 0.0 max_gamma_dif 34.92216332054509
29/03/2023 15:44:40 - DEBUG - populationsim.steps.sub_balancing - LGA GreaterDandenong converged False iter 0
29/03/2023 15:44:40 - DEBUG - populationsim.multi_integerizer - SimulIntegerizer status OPTIMAL
29/03/2023 15:44:40 - INFO - populationsim.multi_integerizer - do_simul_integerizing succeeded for LGA_GreaterDandenong status OPTIMAL. 
29/03/2023 15:44:40 - INFO - populationsim.steps.sub_balancing - balancing 1/1 seed PortPhillip, LGA PortPhillip
29/03/2023 15:44:40 - DEBUG - populationsim.simul_balancer - 1 positive weight rows out of 1
29/03/2023 15:44:40 - DEBUG - populationsim.simul_balancer - np_simul_balancer sample_count 1 control_count 1 zone_count 1
29/03/2023 15:44:40 - DEBUG - populationsim.simul_balancer - np_simul_balancer iteration 0 delta 0.0 max_gamma_dif 37.0885710854821
29/03/2023 15:44:40 - DEBUG - populationsim.steps.sub_balancing - LGA PortPhillip converged False iter 0
29/03/2023 15:44:40 - DEBUG - populationsim.multi_integerizer - SimulIntegerizer status OPTIMAL
29/03/2023 15:44:40 - INFO - populationsim.multi_integerizer - do_simul_integerizing succeeded for LGA_PortPhillip status OPTIMAL. 
29/03/2023 15:44:40 - INFO - populationsim.steps.sub_balancing - balancing 1/1 seed Brimbank, LGA Brimbank
29/03/2023 15:44:40 - DEBUG - populationsim.simul_balancer - 1 positive weight rows out of 1
29/03/2023 15:44:40 - DEBUG - populationsim.simul_balancer - np_simul_balancer sample_count 1 control_count 1 zone_count 1
29/03/2023 15:44:40 - DEBUG - populationsim.simul_balancer - np_simul_balancer iteration 0 delta 0.0 max_gamma_dif 28.024863270508018
29/03/2023 15:44:40 - DEBUG - populationsim.steps.sub_balancing - LGA Brimbank converged False iter 0
29/03/2023 15:44:40 - DEBUG - populationsim.multi_integerizer - SimulIntegerizer status OPTIMAL
29/03/2023 15:44:40 - INFO - populationsim.multi_integerizer - do_simul_integerizing succeeded for LGA_Brimbank status OPTIMAL. 
29/03/2023 15:44:40 - INFO - populationsim.steps.sub_balancing - balancing 1/1 seed Hume, LGA Hume
29/03/2023 15:44:40 - DEBUG - populationsim.simul_balancer - 1 positive weight rows out of 1
29/03/2023 15:44:40 - DEBUG - populationsim.simul_balancer - np_simul_balancer sample_count 1 control_count 1 zone_count 1
29/03/2023 15:44:40 - DEBUG - populationsim.simul_balancer - np_simul_balancer iteration 0 delta 0.0 max_gamma_dif 23.50646115891914
29/03/2023 15:44:40 - DEBUG - populationsim.steps.sub_balancing - LGA Hume converged False iter 0
29/03/2023 15:44:40 - DEBUG - populationsim.multi_integerizer - SimulIntegerizer status OPTIMAL
29/03/2023 15:44:40 - INFO - populationsim.multi_integerizer - do_simul_integerizing succeeded for LGA_Hume status OPTIMAL. 
29/03/2023 15:44:40 - INFO - populationsim.steps.sub_balancing - balancing 1/1 seed Knox, LGA Knox
29/03/2023 15:44:40 - DEBUG - populationsim.simul_balancer - 1 positive weight rows out of 1
29/03/2023 15:44:40 - DEBUG - populationsim.simul_balancer - np_simul_balancer sample_count 1 control_count 1 zone_count 1
29/03/2023 15:44:40 - DEBUG - populationsim.simul_balancer - np_simul_balancer iteration 0 delta 0.0 max_gamma_dif 31.32393259857365
29/03/2023 15:44:40 - DEBUG - populationsim.steps.sub_balancing - LGA Knox converged False iter 0
29/03/2023 15:44:40 - DEBUG - populationsim.multi_integerizer - SimulIntegerizer status OPTIMAL
29/03/2023 15:44:40 - INFO - populationsim.multi_integerizer - do_simul_integerizing succeeded for LGA_Knox status OPTIMAL. 
29/03/2023 15:44:40 - INFO - populationsim.steps.sub_balancing - balancing 1/1 seed YarraRanges, LGA YarraRanges
29/03/2023 15:44:40 - DEBUG - populationsim.simul_balancer - 1 positive weight rows out of 1
29/03/2023 15:44:40 - DEBUG - populationsim.simul_balancer - np_simul_balancer sample_count 1 control_count 1 zone_count 1
29/03/2023 15:44:40 - DEBUG - populationsim.simul_balancer - np_simul_balancer iteration 0 delta 0.0 max_gamma_dif 32.23847928311268
29/03/2023 15:44:40 - DEBUG - populationsim.steps.sub_balancing - LGA YarraRanges converged False iter 0
29/03/2023 15:44:40 - DEBUG - populationsim.multi_integerizer - SimulIntegerizer status OPTIMAL
29/03/2023 15:44:40 - INFO - populationsim.multi_integerizer - do_simul_integerizing succeeded for LGA_YarraRanges status OPTIMAL. 
29/03/2023 15:44:40 - INFO - populationsim.steps.sub_balancing - balancing 1/1 seed Cardinia, LGA Cardinia
29/03/2023 15:44:40 - DEBUG - populationsim.simul_balancer - 1 positive weight rows out of 1
29/03/2023 15:44:40 - DEBUG - populationsim.simul_balancer - np_simul_balancer sample_count 1 control_count 1 zone_count 1
29/03/2023 15:44:40 - DEBUG - populationsim.simul_balancer - np_simul_balancer iteration 0 delta 0.0 max_gamma_dif 45.86236958028866
29/03/2023 15:44:40 - DEBUG - populationsim.steps.sub_balancing - LGA Cardinia converged False iter 0
29/03/2023 15:44:40 - DEBUG - populationsim.multi_integerizer - SimulIntegerizer status OPTIMAL
29/03/2023 15:44:40 - INFO - populationsim.multi_integerizer - do_simul_integerizing succeeded for LGA_Cardinia status OPTIMAL. 
29/03/2023 15:44:40 - INFO - populationsim.steps.sub_balancing - balancing 1/1 seed Casey, LGA Casey
29/03/2023 15:44:40 - DEBUG - populationsim.simul_balancer - 1 positive weight rows out of 1
29/03/2023 15:44:40 - DEBUG - populationsim.simul_balancer - np_simul_balancer sample_count 1 control_count 1 zone_count 1
29/03/2023 15:44:40 - DEBUG - populationsim.simul_balancer - np_simul_balancer iteration 0 delta 0.0 max_gamma_dif 15.373082212795843
29/03/2023 15:44:40 - DEBUG - populationsim.steps.sub_balancing - LGA Casey converged False iter 0
29/03/2023 15:44:40 - DEBUG - populationsim.multi_integerizer - SimulIntegerizer status OPTIMAL
29/03/2023 15:44:40 - INFO - populationsim.multi_integerizer - do_simul_integerizing succeeded for LGA_Casey status OPTIMAL. 
29/03/2023 15:44:40 - INFO - populationsim.steps.sub_balancing - balancing 1/1 seed Banyule, LGA Banyule
29/03/2023 15:44:40 - DEBUG - populationsim.simul_balancer - 1 positive weight rows out of 1
29/03/2023 15:44:40 - DEBUG - populationsim.simul_balancer - np_simul_balancer sample_count 1 control_count 1 zone_count 1
29/03/2023 15:44:40 - DEBUG - populationsim.simul_balancer - np_simul_balancer iteration 0 delta 0.0 max_gamma_dif 37.93954974219637
29/03/2023 15:44:40 - DEBUG - populationsim.steps.sub_balancing - LGA Banyule converged False iter 0
29/03/2023 15:44:40 - DEBUG - populationsim.multi_integerizer - SimulIntegerizer status OPTIMAL
29/03/2023 15:44:40 - INFO - populationsim.multi_integerizer - do_simul_integerizing succeeded for LGA_Banyule status OPTIMAL. 
29/03/2023 15:44:40 - INFO - populationsim.steps.sub_balancing - balancing 1/1 seed Whitehorse, LGA Whitehorse
29/03/2023 15:44:40 - DEBUG - populationsim.simul_balancer - 1 positive weight rows out of 1
29/03/2023 15:44:40 - DEBUG - populationsim.simul_balancer - np_simul_balancer sample_count 1 control_count 1 zone_count 1
29/03/2023 15:44:40 - DEBUG - populationsim.simul_balancer - np_simul_balancer iteration 0 delta 0.0 max_gamma_dif 28.41817369698317
29/03/2023 15:44:40 - DEBUG - populationsim.steps.sub_balancing - LGA Whitehorse converged False iter 0
29/03/2023 15:44:40 - DEBUG - populationsim.multi_integerizer - SimulIntegerizer status OPTIMAL
29/03/2023 15:44:40 - INFO - populationsim.multi_integerizer - do_simul_integerizing succeeded for LGA_Whitehorse status OPTIMAL. 
29/03/2023 15:44:40 - INFO - populationsim.steps.sub_balancing - balancing 1/1 seed Yarra, LGA Yarra
29/03/2023 15:44:40 - DEBUG - populationsim.simul_balancer - 1 positive weight rows out of 1
29/03/2023 15:44:40 - DEBUG - populationsim.simul_balancer - np_simul_balancer sample_count 1 control_count 1 zone_count 1
29/03/2023 15:44:40 - DEBUG - populationsim.simul_balancer - np_simul_balancer iteration 0 delta 0.0 max_gamma_dif 44.6645203801077
29/03/2023 15:44:40 - DEBUG - populationsim.steps.sub_balancing - LGA Yarra converged False iter 0
29/03/2023 15:44:40 - DEBUG - populationsim.multi_integerizer - SimulIntegerizer status OPTIMAL
29/03/2023 15:44:40 - INFO - populationsim.multi_integerizer - do_simul_integerizing succeeded for LGA_Yarra status OPTIMAL. 
29/03/2023 15:44:40 - INFO - populationsim.steps.sub_balancing - balancing 1/1 seed Wyndham, LGA Wyndham
29/03/2023 15:44:40 - DEBUG - populationsim.simul_balancer - 1 positive weight rows out of 1
29/03/2023 15:44:40 - DEBUG - populationsim.simul_balancer - np_simul_balancer sample_count 1 control_count 1 zone_count 1
29/03/2023 15:44:40 - DEBUG - populationsim.simul_balancer - np_simul_balancer iteration 0 delta 0.0 max_gamma_dif 19.66426750291394
29/03/2023 15:44:40 - DEBUG - populationsim.steps.sub_balancing - LGA Wyndham converged False iter 0
29/03/2023 15:44:40 - DEBUG - populationsim.multi_integerizer - SimulIntegerizer status OPTIMAL
29/03/2023 15:44:40 - INFO - populationsim.multi_integerizer - do_simul_integerizing succeeded for LGA_Wyndham status OPTIMAL. 
29/03/2023 15:44:40 - INFO - populationsim.steps.sub_balancing - balancing 1/1 seed Maroondah, LGA Maroondah
29/03/2023 15:44:40 - DEBUG - populationsim.simul_balancer - 1 positive weight rows out of 1
29/03/2023 15:44:40 - DEBUG - populationsim.simul_balancer - np_simul_balancer sample_count 1 control_count 1 zone_count 1
29/03/2023 15:44:40 - DEBUG - populationsim.simul_balancer - np_simul_balancer iteration 0 delta 0.0 max_gamma_dif 42.15873939700983
29/03/2023 15:44:40 - DEBUG - populationsim.steps.sub_balancing - LGA Maroondah converged False iter 0
29/03/2023 15:44:40 - DEBUG - populationsim.multi_integerizer - SimulIntegerizer status OPTIMAL
29/03/2023 15:44:40 - INFO - populationsim.multi_integerizer - do_simul_integerizing succeeded for LGA_Maroondah status OPTIMAL. 
29/03/2023 15:44:40 - INFO - populationsim.steps.sub_balancing - balancing 1/1 seed Darebin, LGA Darebin
29/03/2023 15:44:40 - DEBUG - populationsim.simul_balancer - 1 positive weight rows out of 1
29/03/2023 15:44:40 - DEBUG - populationsim.simul_balancer - np_simul_balancer sample_count 1 control_count 1 zone_count 1
29/03/2023 15:44:40 - DEBUG - populationsim.simul_balancer - np_simul_balancer iteration 0 delta 0.0 max_gamma_dif 30.201367357103322
29/03/2023 15:44:40 - DEBUG - populationsim.steps.sub_balancing - LGA Darebin converged False iter 0
29/03/2023 15:44:40 - DEBUG - populationsim.multi_integerizer - SimulIntegerizer status OPTIMAL
29/03/2023 15:44:40 - INFO - populationsim.multi_integerizer - do_simul_integerizing succeeded for LGA_Darebin status OPTIMAL. 
29/03/2023 15:44:40 - INFO - populationsim.steps.sub_balancing - balancing 1/1 seed MooneeValley, LGA MooneeValley
29/03/2023 15:44:40 - DEBUG - populationsim.simul_balancer - 1 positive weight rows out of 1
29/03/2023 15:44:40 - DEBUG - populationsim.simul_balancer - np_simul_balancer sample_count 1 control_count 1 zone_count 1
29/03/2023 15:44:40 - DEBUG - populationsim.simul_balancer - np_simul_balancer iteration 0 delta 0.0 max_gamma_dif 37.81902375303078
29/03/2023 15:44:40 - DEBUG - populationsim.steps.sub_balancing - LGA MooneeValley converged False iter 0
29/03/2023 15:44:40 - DEBUG - populationsim.multi_integerizer - SimulIntegerizer status OPTIMAL
29/03/2023 15:44:40 - INFO - populationsim.multi_integerizer - do_simul_integerizing succeeded for LGA_MooneeValley status OPTIMAL. 
29/03/2023 15:44:40 - INFO - populationsim.steps.sub_balancing - balancing 1/1 seed Manningham, LGA Manningham
29/03/2023 15:44:40 - DEBUG - populationsim.simul_balancer - 1 positive weight rows out of 1
29/03/2023 15:44:40 - DEBUG - populationsim.simul_balancer - np_simul_balancer sample_count 1 control_count 1 zone_count 1
29/03/2023 15:44:40 - DEBUG - populationsim.simul_balancer - np_simul_balancer iteration 0 delta 0.0 max_gamma_dif 40.64058788631191
29/03/2023 15:44:40 - DEBUG - populationsim.steps.sub_balancing - LGA Manningham converged False iter 0
29/03/2023 15:44:40 - DEBUG - populationsim.multi_integerizer - SimulIntegerizer status OPTIMAL
29/03/2023 15:44:40 - INFO - populationsim.multi_integerizer - do_simul_integerizing succeeded for LGA_Manningham status OPTIMAL. 
29/03/2023 15:44:40 - INFO - populationsim.steps.sub_balancing - balancing 1/1 seed MorningtonPeninsula, LGA MorningtonPeninsula
29/03/2023 15:44:40 - DEBUG - populationsim.simul_balancer - 1 positive weight rows out of 1
29/03/2023 15:44:40 - DEBUG - populationsim.simul_balancer - np_simul_balancer sample_count 1 control_count 1 zone_count 1
29/03/2023 15:44:40 - DEBUG - populationsim.simul_balancer - np_simul_balancer iteration 0 delta 0.0 max_gamma_dif 27.710155691172186
29/03/2023 15:44:40 - DEBUG - populationsim.steps.sub_balancing - LGA MorningtonPeninsula converged False iter 0
29/03/2023 15:44:40 - DEBUG - populationsim.multi_integerizer - SimulIntegerizer status OPTIMAL
29/03/2023 15:44:40 - INFO - populationsim.multi_integerizer - do_simul_integerizing succeeded for LGA_MorningtonPeninsula status OPTIMAL. 
29/03/2023 15:44:40 - INFO - populationsim.steps.sub_balancing - balancing 1/1 seed Bayside, LGA Bayside
29/03/2023 15:44:40 - DEBUG - populationsim.simul_balancer - 1 positive weight rows out of 1
29/03/2023 15:44:40 - DEBUG - populationsim.simul_balancer - np_simul_balancer sample_count 1 control_count 1 zone_count 1
29/03/2023 15:44:40 - DEBUG - populationsim.simul_balancer - np_simul_balancer iteration 0 delta 0.0 max_gamma_dif 47.92645615471754
29/03/2023 15:44:40 - DEBUG - populationsim.steps.sub_balancing - LGA Bayside converged False iter 0
29/03/2023 15:44:40 - DEBUG - populationsim.multi_integerizer - SimulIntegerizer status OPTIMAL
29/03/2023 15:44:40 - INFO - populationsim.multi_integerizer - do_simul_integerizing succeeded for LGA_Bayside status OPTIMAL. 
29/03/2023 15:44:40 - INFO - populationsim.steps.sub_balancing - balancing 1/1 seed Kingston, LGA Kingston
29/03/2023 15:44:40 - DEBUG - populationsim.simul_balancer - 1 positive weight rows out of 1
29/03/2023 15:44:40 - DEBUG - populationsim.simul_balancer - np_simul_balancer sample_count 1 control_count 1 zone_count 1
29/03/2023 15:44:40 - DEBUG - populationsim.simul_balancer - np_simul_balancer iteration 0 delta 0.0 max_gamma_dif 29.457963918892656
29/03/2023 15:44:40 - DEBUG - populationsim.steps.sub_balancing - LGA Kingston converged False iter 0
29/03/2023 15:44:40 - DEBUG - populationsim.multi_integerizer - SimulIntegerizer status OPTIMAL
29/03/2023 15:44:40 - INFO - populationsim.multi_integerizer - do_simul_integerizing succeeded for LGA_Kingston status OPTIMAL. 
29/03/2023 15:44:40 - INFO - populationsim.steps.sub_balancing - balancing 1/1 seed Moreland, LGA Moreland
29/03/2023 15:44:40 - DEBUG - populationsim.simul_balancer - 1 positive weight rows out of 1
29/03/2023 15:44:40 - DEBUG - populationsim.simul_balancer - np_simul_balancer sample_count 1 control_count 1 zone_count 1
29/03/2023 15:44:40 - DEBUG - populationsim.simul_balancer - np_simul_balancer iteration 0 delta 0.0 max_gamma_dif 26.347675655571777
29/03/2023 15:44:40 - DEBUG - populationsim.steps.sub_balancing - LGA Moreland converged False iter 0
29/03/2023 15:44:40 - DEBUG - populationsim.multi_integerizer - SimulIntegerizer status OPTIMAL
29/03/2023 15:44:40 - INFO - populationsim.multi_integerizer - do_simul_integerizing succeeded for LGA_Moreland status OPTIMAL. 
29/03/2023 15:44:40 - INFO - populationsim.steps.sub_balancing - balancing 1/1 seed Nillumbik, LGA Nillumbik
29/03/2023 15:44:40 - DEBUG - populationsim.simul_balancer - 1 positive weight rows out of 1
29/03/2023 15:44:40 - DEBUG - populationsim.simul_balancer - np_simul_balancer sample_count 1 control_count 1 zone_count 1
29/03/2023 15:44:40 - DEBUG - populationsim.simul_balancer - np_simul_balancer iteration 0 delta 0.0 max_gamma_dif 87.75287473033578
29/03/2023 15:44:40 - DEBUG - populationsim.steps.sub_balancing - LGA Nillumbik converged False iter 0
29/03/2023 15:44:40 - DEBUG - populationsim.multi_integerizer - SimulIntegerizer status OPTIMAL
29/03/2023 15:44:40 - INFO - populationsim.multi_integerizer - do_simul_integerizing succeeded for LGA_Nillumbik status OPTIMAL. 
29/03/2023 15:44:40 - INFO - populationsim.steps.sub_balancing - balancing 1/1 seed Boroondara, LGA Boroondara
29/03/2023 15:44:40 - DEBUG - populationsim.simul_balancer - 1 positive weight rows out of 1
29/03/2023 15:44:40 - DEBUG - populationsim.simul_balancer - np_simul_balancer sample_count 1 control_count 1 zone_count 1
29/03/2023 15:44:40 - DEBUG - populationsim.simul_balancer - np_simul_balancer iteration 0 delta 0.0 max_gamma_dif 28.595948676682077
29/03/2023 15:44:40 - DEBUG - populationsim.steps.sub_balancing - LGA Boroondara converged False iter 0
29/03/2023 15:44:40 - DEBUG - populationsim.multi_integerizer - SimulIntegerizer status OPTIMAL
29/03/2023 15:44:40 - INFO - populationsim.multi_integerizer - do_simul_integerizing succeeded for LGA_Boroondara status OPTIMAL. 
29/03/2023 15:44:40 - INFO - populationsim.steps.sub_balancing - balancing 1/1 seed GlenEira, LGA GlenEira
29/03/2023 15:44:40 - DEBUG - populationsim.simul_balancer - 1 positive weight rows out of 1
29/03/2023 15:44:40 - DEBUG - populationsim.simul_balancer - np_simul_balancer sample_count 1 control_count 1 zone_count 1
29/03/2023 15:44:40 - DEBUG - populationsim.simul_balancer - np_simul_balancer iteration 0 delta 0.0 max_gamma_dif 31.017826600505835
29/03/2023 15:44:40 - DEBUG - populationsim.steps.sub_balancing - LGA GlenEira converged False iter 0
29/03/2023 15:44:40 - DEBUG - populationsim.multi_integerizer - SimulIntegerizer status OPTIMAL
29/03/2023 15:44:40 - INFO - populationsim.multi_integerizer - do_simul_integerizing succeeded for LGA_GlenEira status OPTIMAL. 
29/03/2023 15:44:40 - INFO - populationsim.steps.sub_balancing - balancing 1/1 seed HobsonsBay, LGA HobsonsBay
29/03/2023 15:44:40 - DEBUG - populationsim.simul_balancer - 1 positive weight rows out of 1
29/03/2023 15:44:40 - DEBUG - populationsim.simul_balancer - np_simul_balancer sample_count 1 control_count 1 zone_count 1
29/03/2023 15:44:40 - DEBUG - populationsim.simul_balancer - np_simul_balancer iteration 0 delta 0.0 max_gamma_dif 52.54601350240716
29/03/2023 15:44:40 - DEBUG - populationsim.steps.sub_balancing - LGA HobsonsBay converged False iter 0
29/03/2023 15:44:40 - DEBUG - populationsim.multi_integerizer - SimulIntegerizer status OPTIMAL
29/03/2023 15:44:40 - INFO - populationsim.multi_integerizer - do_simul_integerizing succeeded for LGA_HobsonsBay status OPTIMAL. 
29/03/2023 15:44:40 - INFO - populationsim.steps.sub_balancing - balancing 1/1 seed Melton, LGA Melton
29/03/2023 15:44:40 - DEBUG - populationsim.simul_balancer - 1 positive weight rows out of 1
29/03/2023 15:44:40 - DEBUG - populationsim.simul_balancer - np_simul_balancer sample_count 1 control_count 1 zone_count 1
29/03/2023 15:44:40 - DEBUG - populationsim.simul_balancer - np_simul_balancer iteration 0 delta 0.0 max_gamma_dif 32.804471370754314
29/03/2023 15:44:40 - DEBUG - populationsim.steps.sub_balancing - LGA Melton converged False iter 0
29/03/2023 15:44:40 - DEBUG - populationsim.multi_integerizer - SimulIntegerizer status OPTIMAL
29/03/2023 15:44:40 - INFO - populationsim.multi_integerizer - do_simul_integerizing succeeded for LGA_Melton status OPTIMAL. 
29/03/2023 15:44:40 - INFO - populationsim.steps.sub_balancing - adding table State_weights
29/03/2023 15:44:40 - DEBUG - activitysim.core.tracing - Time to execute #run_model completed step 'sub_balancing.geography=State' : 0.546 seconds (0.0 minutes)
29/03/2023 15:44:40 - DEBUG - activitysim.core.pipeline - add_checkpoint sub_balancing.geography=State timestamp 2023-03-29 15:44:40.571268
29/03/2023 15:44:40 - DEBUG - activitysim.core.pipeline - add_checkpoint 'sub_balancing.geography=State' table 'State_weights' (32, 5) 1.4 KB
29/03/2023 15:44:40 - DEBUG - activitysim.core.pipeline - add_checkpoint 'sub_balancing.geography=State' table 'State_weights_sparse' (32, 5) 1.4 KB
29/03/2023 15:44:40 - INFO - activitysim.core.pipeline - #run_model running step sub_balancing
29/03/2023 15:44:40 - INFO - populationsim.steps.sub_balancing - balancing 1/1 seed Whittlesea, State 2
29/03/2023 15:44:40 - INFO - activitysim.core.tracing - Time to execute all models until this error : 1.598 seconds (0.0 minutes)
29/03/2023 15:44:40 - ERROR - activitysim.cli.run - activitysim run encountered an unrecoverable error
Traceback (most recent call last):
  File "C:\Users\dlaa0001\Anaconda3\envs\popsyn\lib\site-packages\activitysim\cli\run.py", line 261, in run
    pipeline.run(models=config.setting('models'), resume_after=resume_after)
  File "C:\Users\dlaa0001\Anaconda3\envs\popsyn\lib\site-packages\activitysim\core\pipeline.py", line 617, in run
    run_model(model)
  File "C:\Users\dlaa0001\Anaconda3\envs\popsyn\lib\site-packages\activitysim\core\pipeline.py", line 476, in run_model
    orca.run([step_name])
  File "C:\Users\dlaa0001\Anaconda3\envs\popsyn\lib\site-packages\orca\orca.py", line 2168, in run
    step()
  File "C:\Users\dlaa0001\Anaconda3\envs\popsyn\lib\site-packages\orca\orca.py", line 973, in __call__
    return self._func(**kwargs)
  File "C:\Users\dlaa0001\Anaconda3\envs\popsyn\lib\site-packages\populationsim\steps\sub_balancing.py", line 275, in sub_balancing
    assert len(initial_weights.index) == len(seed_incidence_df.index)
AssertionError
